<?xml version="1.0" encoding="UTF-8"?>
<!-- Generated by org.testng.reporters.JUnitReportReporter -->
<testsuite hostname="PC207713" name="com.email.scripts.GetFieldsAcceble" tests="1" failures="0" timestamp="28 Oct 2015 11:58:25 GMT" time="380.069" errors="0">
  <testcase name="getFields" time="380.069" classname="com.email.scripts.GetFieldsAcceble"/>
</testsuite> <!-- com.email.scripts.GetFieldsAcceble -->
