<?xml version="1.0" encoding="UTF-8"?>
<!-- Generated by org.testng.reporters.JUnitReportReporter -->
<testsuite hostname="udanka" name="com.email.scripts.GetFieldsAcceble" tests="1" failures="0" timestamp="26 Oct 2015 17:06:54 GMT" time="176.190" errors="0">
  <testcase name="getFields" time="176.190" classname="com.email.scripts.GetFieldsAcceble"/>
</testsuite> <!-- com.email.scripts.GetFieldsAcceble -->
