<?xml version="1.0" encoding="UTF-8"?>
<!-- Generated by org.testng.reporters.JUnitReportReporter -->
<testsuite hostname="udanka" name="com.email.scripts.GetFieldsAcceble" tests="1" failures="0" timestamp="4 Oct 2015 13:51:15 GMT" time="292.871" errors="0">
  <testcase name="getFields" time="292.871" classname="com.email.scripts.GetFieldsAcceble"/>
</testsuite> <!-- com.email.scripts.GetFieldsAcceble -->
