<?xml version="1.0" encoding="UTF-8"?>
<!-- Generated by org.testng.reporters.JUnitReportReporter -->
<testsuite hostname="udanka" name="com.email.scripts.GetFieldsAcceble" tests="1" failures="0" timestamp="18 Oct 2015 17:57:59 GMT" time="247.366" errors="0">
  <testcase name="getFields" time="247.366" classname="com.email.scripts.GetFieldsAcceble"/>
</testsuite> <!-- com.email.scripts.GetFieldsAcceble -->
