<?xml version="1.0" encoding="UTF-8"?>
<!-- Generated by org.testng.reporters.JUnitReportReporter -->
<testsuite hostname="PC207713" name="com.email.scripts.GetFieldsAcceble" tests="1" failures="0" timestamp="20 Oct 2015 05:10:32 GMT" time="257.017" errors="0">
  <testcase name="getFields" time="257.017" classname="com.email.scripts.GetFieldsAcceble"/>
</testsuite> <!-- com.email.scripts.GetFieldsAcceble -->
