<?xml version="1.0" encoding="UTF-8"?>
<!-- Generated by org.testng.reporters.JUnitReportReporter -->
<testsuite hostname="LAPTOP-Q2AQKRBC" name="com.email.scripts.GetFieldsAcceble" tests="1" failures="0" timestamp="26 Dec 2015 11:54:26 GMT" time="103.971" errors="0">
  <testcase name="getFields" time="103.971" classname="com.email.scripts.GetFieldsAcceble"/>
</testsuite> <!-- com.email.scripts.GetFieldsAcceble -->
