<?xml version="1.0" encoding="UTF-8"?>
<!-- Generated by org.testng.reporters.JUnitReportReporter -->
<testsuite hostname="udanka" name="com.email.scripts.GetFieldsAcceble" tests="1" failures="0" timestamp="11 Oct 2015 08:46:30 GMT" time="108.234" errors="0">
  <testcase name="getFields" time="108.234" classname="com.email.scripts.GetFieldsAcceble"/>
</testsuite> <!-- com.email.scripts.GetFieldsAcceble -->
